g:\desktop\dae\graphics programming 2\gp2_project1718\framework\overlordproject\_temp\release\overlordproject.pch
g:\desktop\dae\graphics programming 2\gp2_project1718\framework\overlordproject\_temp\release\vc141.pdb
g:\desktop\dae\graphics programming 2\gp2_project1718\framework\overlordproject\_temp\release\stdafx.obj
g:\desktop\dae\graphics programming 2\gp2_project1718\framework\overlordproject\_temp\release\softwareskinningscene_1.obj
g:\desktop\dae\graphics programming 2\gp2_project1718\framework\overlordproject\_temp\release\softwareskinningscene_2.obj
g:\desktop\dae\graphics programming 2\gp2_project1718\framework\overlordproject\_temp\release\softwareskinningscene_3.obj
g:\desktop\dae\graphics programming 2\gp2_project1718\framework\overlordproject\_temp\release\skyboxtestscene.obj
g:\desktop\dae\graphics programming 2\gp2_project1718\framework\overlordproject\_temp\release\spikeyscene.obj
g:\desktop\dae\graphics programming 2\gp2_project1718\framework\overlordproject\_temp\release\postprocessingscene.obj
g:\desktop\dae\graphics programming 2\gp2_project1718\framework\overlordproject\_temp\release\particletestscene.obj
g:\desktop\dae\graphics programming 2\gp2_project1718\framework\overlordproject\_temp\release\hardwareskinningscene.obj
g:\desktop\dae\graphics programming 2\gp2_project1718\framework\overlordproject\_temp\release\spritetestscene.obj
g:\desktop\dae\graphics programming 2\gp2_project1718\framework\overlordproject\_temp\release\charactertest.obj
g:\desktop\dae\graphics programming 2\gp2_project1718\framework\overlordproject\_temp\release\character.obj
g:\desktop\dae\graphics programming 2\gp2_project1718\framework\overlordproject\_temp\release\testscene.obj
g:\desktop\dae\graphics programming 2\gp2_project1718\framework\overlordproject\_temp\release\componenttestscene.obj
g:\desktop\dae\graphics programming 2\gp2_project1718\framework\overlordproject\_temp\release\cubetile.obj
g:\desktop\dae\graphics programming 2\gp2_project1718\framework\overlordproject\_temp\release\cameracontroller.obj
g:\desktop\dae\graphics programming 2\gp2_project1718\framework\overlordproject\_temp\release\bombermanscene.obj
g:\desktop\dae\graphics programming 2\gp2_project1718\framework\overlordproject\_temp\release\bomberman.obj
g:\desktop\dae\graphics programming 2\gp2_project1718\framework\overlordproject\_temp\release\bomb.obj
g:\desktop\dae\graphics programming 2\gp2_project1718\framework\overlordproject\_temp\release\ubermaterial.obj
g:\desktop\dae\graphics programming 2\gp2_project1718\framework\overlordproject\_temp\release\pickingscene.obj
g:\desktop\dae\graphics programming 2\gp2_project1718\framework\overlordproject\_temp\release\spikeymaterial.obj
g:\desktop\dae\graphics programming 2\gp2_project1718\framework\overlordproject\_temp\release\skinneddiffusematerial.obj
g:\desktop\dae\graphics programming 2\gp2_project1718\framework\overlordproject\_temp\release\postvignette.obj
g:\desktop\dae\graphics programming 2\gp2_project1718\framework\overlordproject\_temp\release\postsepia.obj
g:\desktop\dae\graphics programming 2\gp2_project1718\framework\overlordproject\_temp\release\postgrayscale.obj
g:\desktop\dae\graphics programming 2\gp2_project1718\framework\overlordproject\_temp\release\postblur.obj
g:\desktop\dae\graphics programming 2\gp2_project1718\framework\overlordproject\_temp\release\colormaterial.obj
g:\desktop\dae\graphics programming 2\gp2_project1718\framework\overlordproject\_temp\release\diffusematerial.obj
g:\desktop\dae\graphics programming 2\gp2_project1718\framework\overlordproject\_temp\release\overlordproject.tlog\cl.command.1.tlog
g:\desktop\dae\graphics programming 2\gp2_project1718\framework\overlordproject\_temp\release\overlordproject.tlog\cl.read.1.tlog
g:\desktop\dae\graphics programming 2\gp2_project1718\framework\overlordproject\_temp\release\overlordproject.tlog\cl.write.1.tlog
