g:\desktop\dae\graphics programming 2\gp2_project1718\framework\overlordproject\_temp\debug\overlordproject.pch
g:\desktop\dae\graphics programming 2\gp2_project1718\framework\overlordproject\_temp\debug\vc141.pdb
g:\desktop\dae\graphics programming 2\gp2_project1718\framework\overlordproject\_temp\debug\vc141.idb
g:\desktop\dae\graphics programming 2\gp2_project1718\framework\overlordproject\_temp\debug\stdafx.obj
g:\desktop\dae\graphics programming 2\gp2_project1718\framework\overlordproject\_temp\debug\spritetestscene.obj
g:\desktop\dae\graphics programming 2\gp2_project1718\framework\overlordproject\_temp\debug\ubertestscene.obj
g:\desktop\dae\graphics programming 2\gp2_project1718\framework\overlordproject\_temp\debug\hardwareskinningscene.obj
g:\desktop\dae\graphics programming 2\gp2_project1718\framework\overlordproject\_temp\debug\particletestscene.obj
g:\desktop\dae\graphics programming 2\gp2_project1718\framework\overlordproject\_temp\debug\postprocessingscene.obj
g:\desktop\dae\graphics programming 2\gp2_project1718\framework\overlordproject\_temp\debug\spikeyscene.obj
g:\desktop\dae\graphics programming 2\gp2_project1718\framework\overlordproject\_temp\debug\skyboxtestscene.obj
g:\desktop\dae\graphics programming 2\gp2_project1718\framework\overlordproject\_temp\debug\softwareskinningscene_3.obj
g:\desktop\dae\graphics programming 2\gp2_project1718\framework\overlordproject\_temp\debug\softwareskinningscene_2.obj
g:\desktop\dae\graphics programming 2\gp2_project1718\framework\overlordproject\_temp\debug\softwareskinningscene_1.obj
g:\desktop\dae\graphics programming 2\gp2_project1718\framework\overlordproject\_temp\debug\diffusematerial.obj
g:\desktop\dae\graphics programming 2\gp2_project1718\framework\overlordproject\_temp\debug\colormaterial.obj
g:\desktop\dae\graphics programming 2\gp2_project1718\framework\overlordproject\_temp\debug\postblur.obj
g:\desktop\dae\graphics programming 2\gp2_project1718\framework\overlordproject\_temp\debug\postgrayscale.obj
g:\desktop\dae\graphics programming 2\gp2_project1718\framework\overlordproject\_temp\debug\postsepia.obj
g:\desktop\dae\graphics programming 2\gp2_project1718\framework\overlordproject\_temp\debug\postvignette.obj
g:\desktop\dae\graphics programming 2\gp2_project1718\framework\overlordproject\_temp\debug\skinneddiffusematerial.obj
g:\desktop\dae\graphics programming 2\gp2_project1718\framework\overlordproject\_temp\debug\spikeymaterial.obj
g:\desktop\dae\graphics programming 2\gp2_project1718\framework\overlordproject\_temp\debug\pickingscene.obj
g:\desktop\dae\graphics programming 2\gp2_project1718\framework\overlordproject\_temp\debug\ubermaterial.obj
g:\desktop\dae\graphics programming 2\gp2_project1718\framework\overlordproject\_temp\debug\bomb.obj
g:\desktop\dae\graphics programming 2\gp2_project1718\framework\overlordproject\_temp\debug\bomberman.obj
g:\desktop\dae\graphics programming 2\gp2_project1718\framework\overlordproject\_temp\debug\bombermanscene.obj
g:\desktop\dae\graphics programming 2\gp2_project1718\framework\overlordproject\_temp\debug\cameracontroller.obj
g:\desktop\dae\graphics programming 2\gp2_project1718\framework\overlordproject\_temp\debug\cubetile.obj
g:\desktop\dae\graphics programming 2\gp2_project1718\framework\overlordproject\_temp\debug\componenttestscene.obj
g:\desktop\dae\graphics programming 2\gp2_project1718\framework\overlordproject\_temp\debug\testscene.obj
g:\desktop\dae\graphics programming 2\gp2_project1718\framework\overlordproject\_temp\debug\character.obj
g:\desktop\dae\graphics programming 2\gp2_project1718\framework\overlordproject\_temp\debug\charactertest.obj
g:\desktop\dae\graphics programming 2\gp2_project1718\framework\overlordproject\_temp\debug\modeltestscene.obj
g:\desktop\dae\graphics programming 2\gp2_project1718\framework\overlordproject\_temp\debug\main.obj
g:\desktop\dae\graphics programming 2\gp2_project1718\framework\overlordproject\_temp\debug\maingame.obj
g:\desktop\dae\graphics programming 2\gp2_project1718\framework\build\debug\overlordproject.ilk
g:\desktop\dae\graphics programming 2\gp2_project1718\framework\build\debug\overlordproject.exe
g:\desktop\dae\graphics programming 2\gp2_project1718\framework\build\debug\overlordproject.pdb
g:\desktop\dae\graphics programming 2\gp2_project1718\framework\overlordproject\..\build\debug\overlordproject.exe
g:\desktop\dae\graphics programming 2\gp2_project1718\framework\overlordproject\_temp\debug\overlordproject.tlog\cl.command.1.tlog
g:\desktop\dae\graphics programming 2\gp2_project1718\framework\overlordproject\_temp\debug\overlordproject.tlog\cl.read.1.tlog
g:\desktop\dae\graphics programming 2\gp2_project1718\framework\overlordproject\_temp\debug\overlordproject.tlog\cl.write.1.tlog
g:\desktop\dae\graphics programming 2\gp2_project1718\framework\overlordproject\_temp\debug\overlordproject.tlog\link.command.1.tlog
g:\desktop\dae\graphics programming 2\gp2_project1718\framework\overlordproject\_temp\debug\overlordproject.tlog\link.read.1.tlog
g:\desktop\dae\graphics programming 2\gp2_project1718\framework\overlordproject\_temp\debug\overlordproject.tlog\link.write.1.tlog
